2026-02-19 11:46:58,743 - __main__ - INFO - Starting Customer Segmentation System
2026-02-19 11:47:10,497 - src.clustering.kmeans - INFO - Fitting K-Means clustering
2026-02-19 11:47:10,497 - src.clustering.kmeans - INFO - Finding optimal number of clusters
2026-02-19 11:47:18,854 - src.clustering.kmeans - INFO - Optimal K = 3 (Silhouette: 0.6420)
2026-02-19 11:47:18,904 - src.clustering.kmeans - INFO - K-Means completed: 3 clusters
2026-02-19 11:47:18,904 - src.clustering.hierarchical - INFO - Fitting hierarchical clustering
2026-02-19 11:47:18,904 - src.clustering.hierarchical - INFO - Finding optimal number of clusters
2026-02-19 11:47:31,035 - src.clustering.hierarchical - INFO - Optimal K = 2 (Silhouette: 0.6550)
2026-02-19 11:47:31,826 - src.clustering.hierarchical - INFO - Hierarchical clustering completed: 2 clusters
2026-02-19 11:47:31,826 - src.clustering.dbscan - INFO - Fitting DBSCAN clustering
2026-02-19 11:47:31,826 - src.clustering.dbscan - INFO - Finding optimal DBSCAN parameters
2026-02-19 11:47:38,918 - src.clustering.dbscan - WARNING - No valid parameters found. Using defaults.
2026-02-19 11:47:38,918 - src.clustering.dbscan - INFO - Optimal parameters: {'eps': 0.5, 'min_samples': 5}
2026-02-19 11:47:39,601 - src.clustering.dbscan - INFO - DBSCAN complete. Found 0 clusters, 5878 noise points (100.0%)
2026-02-19 11:47:39,601 - src.clustering.gmm - INFO - Fitting Gaussian Mixture Model
2026-02-19 11:47:39,601 - src.clustering.gmm - INFO - Finding optimal number of components for GMM
2026-02-19 11:47:41,573 - src.clustering.gmm - INFO - Components=2: BIC=971287.72, AIC=969477.72, Silhouette=0.237
2026-02-19 11:47:43,497 - src.clustering.gmm - INFO - Components=3: BIC=949000.93, AIC=946282.59, Silhouette=-0.011
2026-02-19 11:47:46,822 - src.clustering.gmm - INFO - Components=4: BIC=901929.98, AIC=898303.30, Silhouette=-0.096
2026-02-19 11:47:51,634 - src.clustering.gmm - INFO - Components=5: BIC=894560.75, AIC=890025.73, Silhouette=-0.105
2026-02-19 11:47:59,662 - src.clustering.gmm - INFO - Components=6: BIC=807807.85, AIC=802364.49, Silhouette=-0.185
2026-02-19 11:48:07,348 - src.clustering.gmm - INFO - Components=7: BIC=805877.67, AIC=799525.97, Silhouette=-0.206
2026-02-19 11:48:21,575 - src.clustering.gmm - INFO - Components=8: BIC=797601.81, AIC=790341.77, Silhouette=-0.226
2026-02-19 11:48:34,894 - src.clustering.gmm - INFO - Components=9: BIC=792406.59, AIC=784238.21, Silhouette=-0.268
2026-02-19 11:48:48,172 - src.clustering.gmm - INFO - Components=10: BIC=791065.95, AIC=781989.23, Silhouette=-0.233
2026-02-19 11:48:48,172 - src.clustering.gmm - INFO - Optimal components selected: 2
2026-02-19 11:48:49,982 - src.clustering.gmm - INFO - GMM complete. Found 2 components
2026-02-19 11:48:50,706 - __main__ - ERROR - Error in main execution: (slice(None, None, None), slice(None, 2, None))
